C51 COMPILER V9.57.0.0   MAIN                                                              03/01/2022 17:47:06 PAGE 1   


C51 COMPILER V9.57.0.0, COMPILATION OF MODULE MAIN
OBJECT MODULE PLACED IN .\Objects\main.obj
COMPILER INVOKED BY: D:\MCU\Download\keil\Keil 5\C51\BIN\C51.EXE main.c OPTIMIZE(8,SPEED) BROWSE DEBUG OBJECTEXTEND PRIN
                    -T(.\Listings\main.lst) OBJECT(.\Objects\main.obj)

line level    source

   1          #include <REGX52.H>
   2          #include "INTRINS.H"
   3          #include "AT24C02.h"
   4          
   5          void delay(unsigned int a)              //延时10us
   6          {
   7   1              while(a--)
   8   1              {
   9   2                      unsigned char i;
  10   2      
  11   2                      _nop_();
  12   2                      i = 2;
  13   2                      while (--i);
  14   2              }
  15   1      }
  16          
  17          int main(void)
  18          {
  19   1              AT24C02_WriteData(0,0);
  20   1              delay(100);
  21   1              AT24C02_WriteData(1,0);
  22   1              delay(100);
  23   1              AT24C02_WriteData(2,0);
  24   1              delay(100);
  25   1              AT24C02_WriteData(3,0);
  26   1              delay(100);
  27   1              AT24C02_WriteData(4,0);
  28   1              delay(100);
  29   1              AT24C02_WriteData(5,0);
  30   1              delay(100);
  31   1              AT24C02_WriteData(6,0);
  32   1              delay(100);
  33   1              AT24C02_WriteData(7,0);
  34   1              delay(100);
  35   1              AT24C02_WriteData(8,0);
  36   1              delay(100);
  37   1              
  38   1              return 0;
  39   1      }


MODULE INFORMATION:   STATIC OVERLAYABLE
   CODE SIZE        =    129    ----
   CONSTANT SIZE    =   ----    ----
   XDATA SIZE       =   ----    ----
   PDATA SIZE       =   ----    ----
   DATA SIZE        =   ----       1
   IDATA SIZE       =   ----    ----
   BIT SIZE         =   ----    ----
END OF MODULE INFORMATION.


C51 COMPILATION COMPLETE.  0 WARNING(S),  0 ERROR(S)
